<?xml version="1.0" encoding="UTF-8"?>
<!-- Generated by org.testng.reporters.JUnitReportReporter -->
<testsuite hostname="LAPTOP-EEAS1CV9" failures="0" tests="1" name="TestScripts.VerifyingFunctionalitySearchTextField" time="12.023" errors="0" timestamp="14 Jun 2024 10:26:11 GMT" skipped="0">
  <testcase classname="TestScripts.VerifyingFunctionalitySearchTextField" name="searchProduct" time="12.023"/>
</testsuite> <!-- TestScripts.VerifyingFunctionalitySearchTextField -->
