<?xml version="1.0" encoding="UTF-8"?>
<!-- Generated by org.testng.reporters.JUnitReportReporter -->
<testsuite hostname="LAPTOP-EEAS1CV9" failures="0" tests="1" name="TestScripts.VerifyingAddToCartFunctionality" time="20.602" errors="0" timestamp="14 Jun 2024 10:52:26 GMT" skipped="0">
  <testcase classname="TestScripts.VerifyingAddToCartFunctionality" name="addToCartFunctionality" time="20.602"/>
</testsuite> <!-- TestScripts.VerifyingAddToCartFunctionality -->
